<?xml version="1.0" encoding="UTF-8"?>
<testng-results skipped="0" failed="0" ignored="0" total="1" passed="1">
  <reporter-output>
  </reporter-output>
  <suite name="Suite" duration-ms="151" started-at="2019-09-25T14:58:21 IST" finished-at="2019-09-25T14:58:22 IST">
    <groups>
    </groups>
    <test name="Test" duration-ms="151" started-at="2019-09-25T14:58:21 IST" finished-at="2019-09-25T14:58:22 IST">
      <class name="com.learnautomation.selenium.DemoforMaven">
        <test-method status="PASS" signature="testHello()[pri:0, instance:com.learnautomation.selenium.DemoforMaven@30b8a058]" name="testHello" duration-ms="33" started-at="2019-09-25T14:58:22 IST" finished-at="2019-09-25T14:58:22 IST">
          <reporter-output>
          </reporter-output>
        </test-method> <!-- testHello -->
      </class> <!-- com.learnautomation.selenium.DemoforMaven -->
    </test> <!-- Test -->
  </suite> <!-- Suite -->
</testng-results>
